[2026-03-28 18:30:04] ===== INÍCIO DO SETUP DO AMBIENTE =====
[2026-03-28 18:30:04] Verificando Java...
[2026-03-28 18:30:04] java já está instalado: /home/codespace/java/current/bin/java
openjdk version "25.0.1" 2025-10-21 LTS
OpenJDK Runtime Environment Microsoft-12574222 (build 25.0.1+8-LTS)
OpenJDK 64-Bit Server VM Microsoft-12574222 (build 25.0.1+8-LTS, mixed mode, sharing)
[2026-03-28 18:30:05] Configurando JAVA_HOME...
[2026-03-28 18:30:05] JAVA_HOME configurado em ~/.bashrc: /usr/local/sdkman/candidates/java/25.0.1-ms
[2026-03-28 18:30:06] Verificando ferramentas de build...
[2026-03-28 18:30:06] git já está instalado: /usr/local/bin/git
[2026-03-28 18:30:06] git OK
[2026-03-28 18:30:06] curl já está instalado: /usr/bin/curl
[2026-03-28 18:30:06] curl OK
[2026-03-28 18:30:06] wget já está instalado: /usr/bin/wget
[2026-03-28 18:30:06] wget OK
[2026-03-28 18:30:06] unzip já está instalado: /usr/bin/unzip
[2026-03-28 18:30:06] unzip OK
[2026-03-28 18:30:06] Verificando ambiente final...
--- Versões instaladas ---
openjdk version "25.0.1" 2025-10-21 LTS
OpenJDK Runtime Environment Microsoft-12574222 (build 25.0.1+8-LTS)
OpenJDK 64-Bit Server VM Microsoft-12574222 (build 25.0.1+8-LTS, mixed mode, sharing)
git version 2.52.0
curl 8.5.0 (x86_64-pc-linux-gnu) libcurl/8.5.0 OpenSSL/3.0.13 zlib/1.3 brotli/1.1.0 zstd/1.5.5 libidn2/2.3.7 libpsl/0.21.2 (+libidn2/2.3.7) libssh/0.10.6/openssl/zlib nghttp2/1.59.0 librtmp/2.3 OpenLDAP/2.6.7
[2026-03-28 18:30:06] JAVA_HOME: /usr/local/sdkman/candidates/java/25.0.1-ms
[2026-03-28 18:30:06] PATH: /usr/local/rvm/gems/ruby-3.4.7/bin:/usr/local/rvm/gems/ruby-3.4.7@global/bin:/usr/local/rvm/rubies/ruby-3.4.7/bin:/vscode/bin/linux-x64/cfbea10c5ffb233ea9177d34726e6056e89913dc/bin/remote-cli:/home/codespace/.local/bin:/home/codespace/.dotnet:/home/codespace/nvm/current/bin:/home/codespace/.php/current/bin:/home/codespace/.python/current/bin:/home/codespace/java/current/bin:/home/codespace/.ruby/current/bin:/home/codespace/.local/bin:/usr/local/python/current/bin:/usr/local/py-utils/bin:/usr/local/jupyter:/usr/local/oryx:/usr/local/go/bin:/go/bin:/usr/local/sdkman/bin:/usr/local/sdkman/candidates/java/current/bin:/usr/local/sdkman/candidates/gradle/current/bin:/usr/local/sdkman/candidates/maven/current/bin:/usr/local/sdkman/candidates/ant/current/bin:/usr/local/rvm/gems/default/bin:/usr/local/rvm/gems/default@global/bin:/usr/local/rvm/rubies/default/bin:/usr/local/share/rbenv/bin:/usr/local/php/current/bin:/opt/conda/bin:/usr/local/nvs:/usr/local/share/nvm/versions/node/v24.11.1/bin:/usr/local/hugo/bin:/usr/local/sbin:/usr/local/bin:/usr/sbin:/usr/bin:/sbin:/bin:/usr/share/dotnet:/home/codespace/.dotnet/tools:/usr/local/rvm/bin
[2026-03-28 18:30:06] ===== SETUP CONCLUÍDO =====
[2026-03-28 18:30:06] Execute 'source ~/.bashrc' para aplicar as variáveis de ambiente.
[2026-03-28 18:38:20] === iniciando setup ===
[2026-03-28 18:38:20] verificando java...
[2026-03-28 18:38:20] java ja instalado: openjdk version "25.0.1" 2025-10-21 LTS
[2026-03-28 18:38:20] configurando JAVA_HOME...
[2026-03-28 18:38:20] JAVA_HOME ja configurado
[2026-03-28 18:38:20] verificando outras ferramentas...
[2026-03-28 18:38:20] git ok
[2026-03-28 18:38:20] curl ok
[2026-03-28 18:38:20] wget ok
[2026-03-28 18:38:20] unzip ok
[2026-03-28 18:38:20] versoes instaladas:
openjdk version "25.0.1" 2025-10-21 LTS
OpenJDK Runtime Environment Microsoft-12574222 (build 25.0.1+8-LTS)
OpenJDK 64-Bit Server VM Microsoft-12574222 (build 25.0.1+8-LTS, mixed mode, sharing)
git version 2.52.0
[2026-03-28 18:38:20] === setup finalizado ===
[2026-03-28 18:38:20] rode 'source ~/.bashrc' pra aplicar as variaveis
[2026-03-30 23:59:57] === iniciando setup ===
[2026-03-30 23:59:57] verificando java...
[2026-03-30 23:59:59] java ja instalado: openjdk version "25.0.1" 2025-10-21 LTS
[2026-03-30 23:59:59] configurando JAVA_HOME...
[2026-03-30 23:59:59] JAVA_HOME ja configurado
[2026-03-30 23:59:59] verificando gradle...
[2026-03-31 00:00:04] gradle ja instalado: 
[2026-03-31 00:00:04] verificando android sdk...
[2026-03-31 00:00:04] baixando android sdk command line tools...
[2026-03-31 00:00:06] android sdk baixado em: /home/codespace/android-sdk
[2026-03-31 00:00:06] configurando ANDROID_HOME...
[2026-03-31 00:00:06] ANDROID_HOME adicionado no .bashrc
[2026-03-31 00:00:06] verificando adb...
[2026-03-31 00:00:06] instalando adb...
Reading package lists...
Building dependency tree...
Reading state information...
E: Unable to locate package adb
